\BOOKMARK [1][-]{section.1}{Introduction}{}% 1
\BOOKMARK [1][-]{section.2}{Quick Reference}{}% 2
\BOOKMARK [2][-]{subsection.2.1}{Format}{section.2}% 3
\BOOKMARK [2][-]{subsection.2.2}{Spacing}{section.2}% 4
\BOOKMARK [2][-]{subsection.2.3}{Uppercase}{section.2}% 5
\BOOKMARK [2][-]{subsection.2.4}{Tools}{section.2}% 6
\BOOKMARK [1][-]{section.3}{Advanced Interface}{}% 7
\BOOKMARK [2][-]{subsection.3.1}{Format}{section.3}% 8
\BOOKMARK [2][-]{subsection.3.2}{Spacing}{section.3}% 9
\BOOKMARK [2][-]{subsection.3.3}{Spacing related tools}{section.3}% 10
\BOOKMARK [2][-]{subsection.3.4}{Rules}{section.3}% 11
\BOOKMARK [2][-]{subsection.3.5}{Page styles}{section.3}% 12
\BOOKMARK [2][-]{subsection.3.6}{Breaks}{section.3}% 13
\BOOKMARK [2][-]{subsection.3.7}{Other Package Options}{section.3}% 14
\BOOKMARK [2][-]{subsection.3.8}{Extended Settings}{section.3}% 15
\BOOKMARK [2][-]{subsection.3.9}{Creating new levels and changing the class}{section.3}% 16
\BOOKMARK [1][-]{section.4}{Additional Notes}{}% 17
\BOOKMARK [2][-]{subsection.4.1}{Fixed Width Labels}{section.4}% 18
\BOOKMARK [2][-]{subsection.4.2}{Starred Versions}{section.4}% 19
\BOOKMARK [2][-]{subsection.4.3}{Variants}{section.4}% 20
\BOOKMARK [2][-]{subsection.4.4}{Putting a Dot after the Section Title}{section.4}% 21
\BOOKMARK [1][-]{section.5}{titleps and Page Styles}{}% 22
\BOOKMARK [1][-]{section.6}{Contents: The titletoc package}{}% 23
\BOOKMARK [2][-]{subsection.6.1}{A ten-minute guide to titletoc}{section.6}% 24
\BOOKMARK [2][-]{subsection.6.2}{And more}{section.6}% 25
\BOOKMARK [2][-]{subsection.6.3}{Partial TOC's}{section.6}% 26
\BOOKMARK [2][-]{subsection.6.4}{Partial lists}{section.6}% 27
\BOOKMARK [2][-]{subsection.6.5}{Examples}{section.6}% 28
\BOOKMARK [2][-]{subsection.6.6}{Inserting a figure in the contents}{section.6}% 29
\BOOKMARK [2][-]{subsection.6.7}{Marking entries with asterisks}{section.6}% 30
\BOOKMARK [1][-]{section.7}{The titlesec philosophy}{}% 31
\BOOKMARK [1][-]{section.8}{Appendix}{}% 32
\BOOKMARK [1][-]{section.9}{Appendix}{}% 33
\BOOKMARK [1][-]{section.10}{Appendix}{}% 34
\BOOKMARK [1][-]{section.11}{Appendix}{}% 35
\BOOKMARK [1][-]{section.12}{Appendix}{}% 36
\BOOKMARK [1][-]{section.13}{Appendix}{}% 37
\BOOKMARK [1][-]{section.14}{Appendix}{}% 38
\BOOKMARK [1][-]{section.15}{Appendix}{}% 39
\BOOKMARK [1][-]{section.16}{Appendix}{}% 40
\BOOKMARK [1][-]{section.17}{Appendix}{}% 41
\BOOKMARK [1][-]{section.18}{Appendix}{}% 42
\BOOKMARK [1][-]{section.19}{Appendix}{}% 43
\BOOKMARK [1][-]{section.20}{Appendix}{}% 44
\BOOKMARK [2][-]{subsection.9.1}{A full example}{section.20}% 45
\BOOKMARK [2][-]{subsection.9.2}{Standard Classes}{section.20}% 46
\BOOKMARK [2][-]{subsection.9.3}{Chapter Example}{section.20}% 47
